version https://git-lfs.github.com/spec/v1
oid sha256:e5e5f1d03f86bec1b16af94fea829c2303a1fe38050cd7453de87290e7b2d0dd
size 509
