version https://git-lfs.github.com/spec/v1
oid sha256:b492c8b81778ca3793f788cdc189c07f9170e4b75e63b49f09768611b2953868
size 333
