version https://git-lfs.github.com/spec/v1
oid sha256:ae94b872105fd18f6cee5e0cf4b9b0527757a6da94e52638f2e492dea88f2034
size 361
