version https://git-lfs.github.com/spec/v1
oid sha256:c25c127ada5a292507a55c36919bc801edac4bcd6f85807727e1cd76e1e5cb4a
size 360
