version https://git-lfs.github.com/spec/v1
oid sha256:e50992baa59f7a611e4ef08211dce8847618ecbd0b786fc01a17b41330405200
size 534
