version https://git-lfs.github.com/spec/v1
oid sha256:ecc4e61ff85be0098aada5efc9e3c0d8424c98baff4f8901d991ae08c08416f2
size 319
