version https://git-lfs.github.com/spec/v1
oid sha256:18833a8f2893edcb2ae267ed7f0580d06475e7da070c4eecabe16435fd98b0e8
size 384
