version https://git-lfs.github.com/spec/v1
oid sha256:adc4d6df33b14a6b2dcbf9e2df9ee41c12f31f2690f7b198b7ee810ec29329c1
size 399
