version https://git-lfs.github.com/spec/v1
oid sha256:91ad02bae7452891174b2178d2f6556e0dfc07a5e8f491d98f0e11efece9b1ca
size 554
