version https://git-lfs.github.com/spec/v1
oid sha256:ff7167bef3d711a8dec1572ed1128746ea63cc69ba51257bf59b56f00113846b
size 406
