version https://git-lfs.github.com/spec/v1
oid sha256:aec28ed22238a57708d1c7e4b7416e3fd64b91d7ea679df3d511d0ff4d78d794
size 390
