version https://git-lfs.github.com/spec/v1
oid sha256:a06edcd61c987b3076806449dc923591867f6a38b059ee1e9582a165f7f6fec8
size 510
