version https://git-lfs.github.com/spec/v1
oid sha256:824b2a646c1c901e70bccfb7e1ee63721c9e8cee7994133dd166178d53e67065
size 390
