version https://git-lfs.github.com/spec/v1
oid sha256:e2571bd28e49e82ce1b494fd2162f89bb82947615a9e775a1f7399df435f3e19
size 437
