version https://git-lfs.github.com/spec/v1
oid sha256:600316e3ef64bba85725621be258991fad9477b00b25422461aa59e703363291
size 318
