version https://git-lfs.github.com/spec/v1
oid sha256:36e6ffd3c5397494980ebfe9771ba624b7d920e3ce3d7bb843f364675fbcddb3
size 360
