version https://git-lfs.github.com/spec/v1
oid sha256:7e38225db2b6f8a1c485a328ad08a8b0c24ca3b017dfa68366cd609991b9104f
size 341
