version https://git-lfs.github.com/spec/v1
oid sha256:9d68db62d1a5fbad0082338ef7f7743ff4c60e1ba452d507496a0df95980060b
size 376
