version https://git-lfs.github.com/spec/v1
oid sha256:6d479f1699c9dfed26820f218e0642689c9a7b75f9df8a49d22158ec117f0a43
size 384
