version https://git-lfs.github.com/spec/v1
oid sha256:463714365dadbb9920967fa83c913702ffa1e5488e86624456970b4ab8928b9f
size 429
