version https://git-lfs.github.com/spec/v1
oid sha256:77a5e85cecebfe2a8fc432d8bbae1aee6b313956f3f2c12383310ad151b6fcb6
size 486
