version https://git-lfs.github.com/spec/v1
oid sha256:e70378485034552978d9bd0b525729717e75c33c73e947f4c02779f6ca8a9fa0
size 324
